TN:
SF:src/components/Button.tsx
FN:22,Button
FNF:1
FNH:1
FNDA:2,Button
DA:23,2
DA:34,1
LF:2
LH:2
BRF:0
BRH:0
end_of_record
TN:
SF:src/components/SkillCard.tsx
FN:21,SkillCard
FNF:1
FNH:0
FNDA:0,SkillCard
DA:22,0
DA:35,1
LF:2
LH:1
BRF:0
BRH:0
end_of_record
TN:
SF:src/pages/Home.tsx
FN:36,Home
FN:44,handleAddNewSkill
FN:49,(anonymous_2)
FN:52,handleRemoveSkill
FN:53,(anonymous_4)
FN:54,(anonymous_5)
FN:58,(anonymous_6)
FN:98,(anonymous_7)
FN:99,(anonymous_8)
FN:102,(anonymous_9)
FNF:10
FNH:2
FNDA:2,Home
FNDA:0,handleAddNewSkill
FNDA:0,(anonymous_2)
FNDA:0,handleRemoveSkill
FNDA:0,(anonymous_4)
FNDA:0,(anonymous_5)
FNDA:1,(anonymous_6)
FNDA:0,(anonymous_7)
FNDA:0,(anonymous_8)
FNDA:0,(anonymous_9)
DA:38,2
DA:40,2
DA:41,2
DA:45,0
DA:49,0
DA:53,0
DA:54,0
DA:58,2
DA:59,1
DA:60,1
DA:61,1
DA:62,0
DA:63,1
DA:64,0
DA:66,1
DA:70,2
DA:98,0
DA:100,0
DA:102,0
DA:111,1
LF:20
LH:11
BRDA:61,0,0,0
BRDA:61,0,1,1
BRDA:63,1,0,0
BRDA:63,1,1,1
BRDA:63,2,0,1
BRDA:63,2,1,1
BRDA:127,3,0,1
BRDA:127,3,1,0
BRF:8
BRH:5
end_of_record
